Watching for file changes with StatReloader
Watching for file changes with StatReloader
C:\Users\PYTHONIC\PycharmProjects\carsharingProject\carsharing\core\models.py changed, reloading.
Watching for file changes with StatReloader
Watching for file changes with StatReloader
C:\Users\PYTHONIC\PycharmProjects\carsharingProject\carsharing\core\admin.py changed, reloading.
Watching for file changes with StatReloader
Watching for file changes with StatReloader
Watching for file changes with StatReloader
Not Found: /favicon.ico
C:\Users\PYTHONIC\PycharmProjects\carsharingProject\carsharing\core\admin.py changed, reloading.
Watching for file changes with StatReloader
C:\Users\PYTHONIC\PycharmProjects\carsharingProject\carsharing\core\admin.py changed, reloading.
Watching for file changes with StatReloader
Watching for file changes with StatReloader
Using selector: SelectSelector
C:\Users\PYTHONIC\PycharmProjects\carsharingProject\carsharing\core\models.py changed, reloading.
Watching for file changes with StatReloader
C:\Users\PYTHONIC\PycharmProjects\carsharingProject\carsharing\core\models.py changed, reloading.
Watching for file changes with StatReloader
C:\Users\PYTHONIC\PycharmProjects\carsharingProject\carsharing\core\models.py changed, reloading.
Watching for file changes with StatReloader
C:\Users\PYTHONIC\PycharmProjects\carsharingProject\carsharing\core\models.py changed, reloading.
Watching for file changes with StatReloader
Using selector: SelectSelector
Using selector: SelectSelector
Using selector: SelectSelector
Using selector: SelectSelector
C:\Users\PYTHONIC\PycharmProjects\carsharingProject\carsharing\core\models.py changed, reloading.
Watching for file changes with StatReloader
Watching for file changes with StatReloader
Using selector: SelectSelector
Using selector: SelectSelector
Using selector: SelectSelector
Using selector: SelectSelector
Using selector: SelectSelector
Using selector: SelectSelector
Using selector: SelectSelector
Using selector: SelectSelector
Using selector: SelectSelector
Using selector: SelectSelector
Using selector: SelectSelector
Using selector: SelectSelector
Using selector: SelectSelector
Watching for file changes with StatReloader
Using selector: SelectSelector
Using selector: SelectSelector
Using selector: SelectSelector
Using selector: SelectSelector
Watching for file changes with StatReloader
Not Found: /favicon.ico
Not Found: /media/car/exterior/file-1576531078925.jpeg
Watching for file changes with StatReloader
Not Found: /media/user/logo/default.png
C:\Users\PYTHONIC\PycharmProjects\carsharingProject\carsharing\core\models.py changed, reloading.
Watching for file changes with StatReloader
Using selector: SelectSelector
Using selector: SelectSelector
Using selector: SelectSelector
Using selector: SelectSelector
Using selector: SelectSelector
Using selector: SelectSelector
Using selector: SelectSelector
Using selector: SelectSelector
Using selector: SelectSelector
Using selector: SelectSelector
Using selector: SelectSelector
Using selector: SelectSelector
Using selector: SelectSelector
Using selector: SelectSelector
Using selector: SelectSelector
Using selector: SelectSelector
Using selector: SelectSelector
Using selector: SelectSelector
Using selector: SelectSelector
Using selector: SelectSelector
Using selector: SelectSelector
Using selector: SelectSelector
Using selector: SelectSelector
Using selector: SelectSelector
Using selector: SelectSelector
Using selector: SelectSelector
Using selector: SelectSelector
Using selector: SelectSelector
Using selector: SelectSelector
Using selector: SelectSelector
Using selector: SelectSelector
Using selector: SelectSelector
Using selector: SelectSelector
Using selector: SelectSelector
Using selector: SelectSelector
Using selector: SelectSelector
Using selector: SelectSelector
Using selector: SelectSelector
Using selector: SelectSelector
Using selector: SelectSelector
Using selector: SelectSelector
Using selector: SelectSelector
Using selector: SelectSelector
Using selector: SelectSelector
C:\Users\PYTHONIC\PycharmProjects\carsharingProject\carsharing\core\admin.py changed, reloading.
Watching for file changes with StatReloader
Watching for file changes with StatReloader
Not Found: /media/car/exterior/file-1576532134138.jpeg
Not Found: /media/car/exterior/file-1576532133889.jpeg
Not Found: /media/car/exterior/file-1576532134185.jpeg
Not Found: /media/car/exterior/default.jpg
Watching for file changes with StatReloader
Not Found: /media/car/exterior/file-1576532133889.jpeg
Not Found: /media/car/exterior/file-1576532134138.jpeg
Not Found: /media/car/exterior/file-1576532134185.jpeg
Not Found: /media/car/interior/file-1576532134948.jpeg
Not Found: /media/car/interior/file-1576532135169.jpeg
Not Found: /media/car/interior/file-1576532134958.jpeg
Not Found: /media/car/exterior/default.jpg
Not Found: /media/car/interior/default.jpg
Watching for file changes with StatReloader
Not Found: /media/car/exterior/file-1576532133889.jpeg
Not Found: /media/car/exterior/file-1576532134138.jpeg
Not Found: /media/car/interior/default.jpg
Not Found: /media/car/interior/file-1576532135169.jpeg
Not Found: /media/car/interior/file-1576532134948.jpeg
Not Found: /media/car/interior/file-1576532134958.jpeg
Not Found: /media/car/exterior/default.jpg
Not Found: /media/car/exterior/file-1576532134185.jpeg
Not Found: /media/car/exterior/file-1576532133889.jpeg
Watching for file changes with StatReloader
Not Found: /media/car/exterior/file-1576533057680.jpeg
Not Found: /media/car/exterior/default.jpg
Not Found: /media/car/interior/default.jpg
Not Found: /media/car/interior/file-1576533058534.jpeg
Not Found: /media/car/interior/file-1576533056063.jpeg
Watching for file changes with StatReloader
Watching for file changes with StatReloader
Not Found: /media/car/exterior/default.jpg
Not Found: /media/car/exterior/file-1576533045397.jpeg
Not Found: /media/car/interior/file-1576533046286.jpeg
Not Found: /media/car/interior/default.jpg
Not Found: /media/car/exterior/file-1576533045397.jpeg
C:\Users\PYTHONIC\PycharmProjects\carsharingProject\carsharing\carsharing\urls.py changed, reloading.
Watching for file changes with StatReloader
Watching for file changes with StatReloader
C:\Users\PYTHONIC\PycharmProjects\carsharingProject\carsharing\core\models.py changed, reloading.
Watching for file changes with StatReloader
Watching for file changes with StatReloader
Internal Server Error: /admin/core/car/
Traceback (most recent call last):
  File "C:\Users\PYTHONIC\.virtualenvs\carsharingProject-_FiV0ES6\lib\site-packages\django\db\models\options.py", line 565, in get_field
    return self.fields_map[field_name]
KeyError: '__str__'

During handling of the above exception, another exception occurred:

Traceback (most recent call last):
  File "C:\Users\PYTHONIC\.virtualenvs\carsharingProject-_FiV0ES6\lib\site-packages\django\contrib\admin\utils.py", line 262, in lookup_field
    f = _get_non_gfk_field(opts, name)
  File "C:\Users\PYTHONIC\.virtualenvs\carsharingProject-_FiV0ES6\lib\site-packages\django\contrib\admin\utils.py", line 293, in _get_non_gfk_field
    field = opts.get_field(name)
  File "C:\Users\PYTHONIC\.virtualenvs\carsharingProject-_FiV0ES6\lib\site-packages\django\db\models\options.py", line 567, in get_field
    raise FieldDoesNotExist("%s has no field named '%s'" % (self.object_name, field_name))
django.core.exceptions.FieldDoesNotExist: Car has no field named '__str__'

During handling of the above exception, another exception occurred:

Traceback (most recent call last):
  File "C:\Users\PYTHONIC\.virtualenvs\carsharingProject-_FiV0ES6\lib\site-packages\django\core\handlers\exception.py", line 34, in inner
    response = get_response(request)
  File "C:\Users\PYTHONIC\.virtualenvs\carsharingProject-_FiV0ES6\lib\site-packages\django\core\handlers\base.py", line 145, in _get_response
    response = self.process_exception_by_middleware(e, request)
  File "C:\Users\PYTHONIC\.virtualenvs\carsharingProject-_FiV0ES6\lib\site-packages\django\core\handlers\base.py", line 143, in _get_response
    response = response.render()
  File "C:\Users\PYTHONIC\.virtualenvs\carsharingProject-_FiV0ES6\lib\site-packages\django\template\response.py", line 106, in render
    self.content = self.rendered_content
  File "C:\Users\PYTHONIC\.virtualenvs\carsharingProject-_FiV0ES6\lib\site-packages\django\template\response.py", line 83, in rendered_content
    content = template.render(context, self._request)
  File "C:\Users\PYTHONIC\.virtualenvs\carsharingProject-_FiV0ES6\lib\site-packages\django\template\backends\django.py", line 61, in render
    return self.template.render(context)
  File "C:\Users\PYTHONIC\.virtualenvs\carsharingProject-_FiV0ES6\lib\site-packages\django\template\base.py", line 171, in render
    return self._render(context)
  File "C:\Users\PYTHONIC\.virtualenvs\carsharingProject-_FiV0ES6\lib\site-packages\django\template\base.py", line 163, in _render
    return self.nodelist.render(context)
  File "C:\Users\PYTHONIC\.virtualenvs\carsharingProject-_FiV0ES6\lib\site-packages\django\template\base.py", line 937, in render
    bit = node.render_annotated(context)
  File "C:\Users\PYTHONIC\.virtualenvs\carsharingProject-_FiV0ES6\lib\site-packages\django\template\base.py", line 904, in render_annotated
    return self.render(context)
  File "C:\Users\PYTHONIC\.virtualenvs\carsharingProject-_FiV0ES6\lib\site-packages\django\template\loader_tags.py", line 150, in render
    return compiled_parent._render(context)
  File "C:\Users\PYTHONIC\.virtualenvs\carsharingProject-_FiV0ES6\lib\site-packages\django\template\base.py", line 163, in _render
    return self.nodelist.render(context)
  File "C:\Users\PYTHONIC\.virtualenvs\carsharingProject-_FiV0ES6\lib\site-packages\django\template\base.py", line 937, in render
    bit = node.render_annotated(context)
  File "C:\Users\PYTHONIC\.virtualenvs\carsharingProject-_FiV0ES6\lib\site-packages\django\template\base.py", line 904, in render_annotated
    return self.render(context)
  File "C:\Users\PYTHONIC\.virtualenvs\carsharingProject-_FiV0ES6\lib\site-packages\django\template\loader_tags.py", line 150, in render
    return compiled_parent._render(context)
  File "C:\Users\PYTHONIC\.virtualenvs\carsharingProject-_FiV0ES6\lib\site-packages\django\template\base.py", line 163, in _render
    return self.nodelist.render(context)
  File "C:\Users\PYTHONIC\.virtualenvs\carsharingProject-_FiV0ES6\lib\site-packages\django\template\base.py", line 937, in render
    bit = node.render_annotated(context)
  File "C:\Users\PYTHONIC\.virtualenvs\carsharingProject-_FiV0ES6\lib\site-packages\django\template\base.py", line 904, in render_annotated
    return self.render(context)
  File "C:\Users\PYTHONIC\.virtualenvs\carsharingProject-_FiV0ES6\lib\site-packages\django\template\loader_tags.py", line 62, in render
    result = block.nodelist.render(context)
  File "C:\Users\PYTHONIC\.virtualenvs\carsharingProject-_FiV0ES6\lib\site-packages\django\template\base.py", line 937, in render
    bit = node.render_annotated(context)
  File "C:\Users\PYTHONIC\.virtualenvs\carsharingProject-_FiV0ES6\lib\site-packages\django\template\base.py", line 904, in render_annotated
    return self.render(context)
  File "C:\Users\PYTHONIC\.virtualenvs\carsharingProject-_FiV0ES6\lib\site-packages\django\template\loader_tags.py", line 62, in render
    result = block.nodelist.render(context)
  File "C:\Users\PYTHONIC\.virtualenvs\carsharingProject-_FiV0ES6\lib\site-packages\django\template\base.py", line 937, in render
    bit = node.render_annotated(context)
  File "C:\Users\PYTHONIC\.virtualenvs\carsharingProject-_FiV0ES6\lib\site-packages\django\template\base.py", line 904, in render_annotated
    return self.render(context)
  File "C:\Users\PYTHONIC\.virtualenvs\carsharingProject-_FiV0ES6\lib\site-packages\django\contrib\admin\templatetags\base.py", line 33, in render
    return super().render(context)
  File "C:\Users\PYTHONIC\.virtualenvs\carsharingProject-_FiV0ES6\lib\site-packages\django\template\library.py", line 214, in render
    _dict = self.func(*resolved_args, **resolved_kwargs)
  File "C:\Users\PYTHONIC\.virtualenvs\carsharingProject-_FiV0ES6\lib\site-packages\django\contrib\admin\templatetags\admin_list.py", line 339, in result_list
    'results': list(results(cl)),
  File "C:\Users\PYTHONIC\.virtualenvs\carsharingProject-_FiV0ES6\lib\site-packages\django\contrib\admin\templatetags\admin_list.py", line 315, in results
    yield ResultList(None, items_for_result(cl, res, None))
  File "C:\Users\PYTHONIC\.virtualenvs\carsharingProject-_FiV0ES6\lib\site-packages\django\contrib\admin\templatetags\admin_list.py", line 306, in __init__
    super().__init__(*items)
  File "C:\Users\PYTHONIC\.virtualenvs\carsharingProject-_FiV0ES6\lib\site-packages\django\contrib\admin\templatetags\admin_list.py", line 229, in items_for_result
    f, attr, value = lookup_field(field_name, result, cl.model_admin)
  File "C:\Users\PYTHONIC\.virtualenvs\carsharingProject-_FiV0ES6\lib\site-packages\django\contrib\admin\utils.py", line 275, in lookup_field
    value = attr()
  File "C:\Users\PYTHONIC\PycharmProjects\carsharingProject\carsharing\core\models.py", line 109, in __str__
    return f'{self.params["model"]} |--| {self.params["color"]}'
KeyError: 'model'
Using selector: SelectSelector
Using selector: SelectSelector
Using selector: SelectSelector
Using selector: SelectSelector
Using selector: SelectSelector
Using selector: SelectSelector
Using selector: SelectSelector
Using selector: SelectSelector
Using selector: SelectSelector
Using selector: SelectSelector
Using selector: SelectSelector
Using selector: SelectSelector
Using selector: SelectSelector
Using selector: SelectSelector
Using selector: SelectSelector
Using selector: SelectSelector
Using selector: SelectSelector
Using selector: SelectSelector
Using selector: SelectSelector
Using selector: SelectSelector
Not Found: /media/car/interior/file-1576534721830.jpeg
Not Found: /media/car/interior/file-1576534738092.jpeg
Not Found: /media/car/exterior/default.jpg
Not Found: /media/car/interior/file-1576534738092.jpeg
Not Found: /media/car/interior/default.jpg
Not Found: /favicon.ico
Using selector: SelectSelector
Using selector: SelectSelector
Using selector: SelectSelector
Using selector: SelectSelector
Not Found: /media/car/exterior/default.jpg
Not Found: /media/car/interior/default.jpg
C:\Users\PYTHONIC\PycharmProjects\carsharingProject\carsharing\core\models.py changed, reloading.
Watching for file changes with StatReloader
Watching for file changes with StatReloader
C:\Users\PYTHONIC\PycharmProjects\carsharingProject\carsharing\core\admin.py changed, reloading.
Watching for file changes with StatReloader
Watching for file changes with StatReloader
Not Found: /
Not Found: /favicon.ico
Watching for file changes with StatReloader
C:\Users\PYTHONIC\PycharmProjects\carsharingProject\carsharing\core\models.py changed, reloading.
Watching for file changes with StatReloader
C:\Users\PYTHONIC\PycharmProjects\carsharingProject\carsharing\core\models.py changed, reloading.
Watching for file changes with StatReloader
Using selector: SelectSelector
Using selector: SelectSelector
Using selector: SelectSelector
Using selector: SelectSelector
